<?xml version="1.0" encoding="UTF-8"?>
<robot generator="Robot 7.4.2 (Python 3.13.1 on win32)" generated="2026-03-19T10:44:28.780190" rpa="false" schemaversion="5">
<suite id="s1" name="Serverest Tests" source="C:\Users\gusta\Documentos\pb.compass_QA-AWS-AI\Documentos\Fase 2\Sprint 2\Testes de API ServeRest - Robot Framework\tests\serverest_tests.robot">
<kw name="Criar Sessao ServeRest" owner="keywords" type="SETUP">
<kw name="Create Session" owner="RequestsLibrary">
<msg time="2026-03-19T10:44:29.170827" level="INFO">Creating Session using : alias=serverest, url=https://serverest.dev, headers={},                     cookies={}, auth=None, timeout=None, proxies=None, verify=False,                     debug=0 </msg>
<arg>serverest</arg>
<arg>${BASE_URL}</arg>
<doc>Create Session: create a HTTP session to a server</doc>
<status status="PASS" start="2026-03-19T10:44:29.170687" elapsed="0.000280"/>
</kw>
<status status="PASS" start="2026-03-19T10:44:29.169994" elapsed="0.001045"/>
</kw>
<test id="s1-t1" name="CT01: Cadastrar Usuário Administrador" line="8">
<kw name="Gerar Dados Dinamicos" owner="keywords">
<kw name="Generate Random String" owner="String">
<msg time="2026-03-19T10:44:29.192881" level="INFO">${random_str} = celtaeiq</msg>
<var>${random_str}</var>
<arg>8</arg>
<arg>[LOWER]</arg>
<doc>Generates a string with a desired ``length`` from the given ``chars``.</doc>
<status status="PASS" start="2026-03-19T10:44:29.192628" elapsed="0.000282"/>
</kw>
<kw name="Set Suite Variable" owner="BuiltIn">
<msg time="2026-03-19T10:44:29.193289" level="INFO">${EMAIL_TESTE} = tour_celtaeiq@qa.com</msg>
<arg>${EMAIL_TESTE}</arg>
<arg>tour_${random_str}@qa.com</arg>
<doc>Makes a variable available everywhere within the scope of the current suite.</doc>
<status status="PASS" start="2026-03-19T10:44:29.193006" elapsed="0.000313"/>
</kw>
<kw name="Set Suite Variable" owner="BuiltIn">
<msg time="2026-03-19T10:44:29.193591" level="INFO">${NOME_PRODUTO} = Produto Automacao celtaeiq</msg>
<arg>${NOME_PRODUTO}</arg>
<arg>Produto Automacao ${random_str}</arg>
<doc>Makes a variable available everywhere within the scope of the current suite.</doc>
<status status="PASS" start="2026-03-19T10:44:29.193396" elapsed="0.000219"/>
</kw>
<status status="PASS" start="2026-03-19T10:44:29.192395" elapsed="0.001261"/>
</kw>
<kw name="Cadastrar Usuario Administrador" owner="keywords">
<kw name="Create Dictionary" owner="BuiltIn">
<msg time="2026-03-19T10:44:29.194320" level="INFO">${body} = {'nome': 'QA Tester', 'email': 'tour_celtaeiq@qa.com', 'password': 'teste', 'administrador': 'true'}</msg>
<var>${body}</var>
<arg>nome=QA Tester</arg>
<arg>email=${EMAIL_TESTE}</arg>
<arg>password=teste</arg>
<arg>administrador=true</arg>
<doc>Creates and returns a dictionary based on the given ``items``.</doc>
<status status="PASS" start="2026-03-19T10:44:29.194019" elapsed="0.000321"/>
</kw>
<kw name="POST On Session" owner="RequestsLibrary">
<msg time="2026-03-19T10:44:29.696675" level="INFO">POST Request : url=https://serverest.dev/usuarios 
 path_url=/usuarios 
 headers={'User-Agent': 'python-requests/2.32.3', 'Accept-Encoding': 'gzip, deflate', 'Accept': '*/*', 'Connection': 'keep-alive', 'Content-Length': '100', 'Content-Type': 'application/json'} 
 body=b'{"nome": "QA Tester", "email": "tour_celtaeiq@qa.com", "password": "teste", "administrador": "true"}' 
 </msg>
<msg time="2026-03-19T10:44:29.696901" level="INFO">POST Response : url=https://serverest.dev/usuarios 
 status=201, reason=Created 
 headers={'access-control-allow-origin': '*', 'x-dns-prefetch-control': 'off', 'x-frame-options': 'SAMEORIGIN', 'strict-transport-security': 'max-age=15552000; includeSubDomains', 'x-download-options': 'noopen', 'x-content-type-options': 'nosniff', 'x-xss-protection': '1; mode=block', 'content-type': 'application/json; charset=utf-8', 'x-cloud-trace-context': 'b371cecbb1c222299c3a79165bb6be05', 'date': 'Thu, 19 Mar 2026 13:44:30 GMT', 'server': 'Google Frontend', 'Content-Length': '82'} 
 body={
    "message": "Cadastro realizado com sucesso",
    "_id": "nrrT5vYTWXr5xhZY"
} 
 </msg>
<msg time="2026-03-19T10:44:29.697011" level="INFO">C:\Users\gusta\AppData\Local\Programs\Python\Python313\Lib\site-packages\urllib3\connectionpool.py:1097: InsecureRequestWarning: Unverified HTTPS request is being made to host 'serverest.dev'. Adding certificate verification is strongly advised. See: https://urllib3.readthedocs.io/en/latest/advanced-usage.html#tls-warnings
  warnings.warn(</msg>
<msg time="2026-03-19T10:44:29.697898" level="INFO">${resposta} = &lt;Response [201]&gt;</msg>
<var>${resposta}</var>
<arg>serverest</arg>
<arg>/usuarios</arg>
<arg>json=${body}</arg>
<doc>Sends a POST request on a previously created HTTP Session.</doc>
<status status="PASS" start="2026-03-19T10:44:29.194409" elapsed="0.503546"/>
</kw>
<kw name="Status Should Be" owner="RequestsLibrary">
<arg>201</arg>
<arg>${resposta}</arg>
<doc>Fails if response status code is different than the expected.</doc>
<status status="PASS" start="2026-03-19T10:44:29.698155" elapsed="0.000373"/>
</kw>
<kw name="Dictionary Should Contain Item" owner="Collections">
<arg>${resposta.json()}</arg>
<arg>message</arg>
<arg>Cadastro realizado com sucesso</arg>
<doc>An item of ``key`` / ``value`` must be found in a ``dictionary``.</doc>
<status status="PASS" start="2026-03-19T10:44:29.698683" elapsed="0.000776"/>
</kw>
<status status="PASS" start="2026-03-19T10:44:29.193877" elapsed="0.505684"/>
</kw>
<tag>funcional</tag>
<tag>positivo</tag>
<status status="PASS" start="2026-03-19T10:44:29.171539" elapsed="0.528271"/>
</test>
<test id="s1-t2" name="CT02: Realizar Login e Obter Token" line="13">
<kw name="Realizar Login e Salvar Token" owner="keywords">
<kw name="Create Dictionary" owner="BuiltIn">
<msg time="2026-03-19T10:44:29.701465" level="INFO">${body} = {'email': 'tour_celtaeiq@qa.com', 'password': 'teste'}</msg>
<var>${body}</var>
<arg>email=${EMAIL_TESTE}</arg>
<arg>password=teste</arg>
<doc>Creates and returns a dictionary based on the given ``items``.</doc>
<status status="PASS" start="2026-03-19T10:44:29.700978" elapsed="0.000526"/>
</kw>
<kw name="POST On Session" owner="RequestsLibrary">
<msg time="2026-03-19T10:44:29.892015" level="INFO">POST Request : url=https://serverest.dev/login 
 path_url=/login 
 headers={'User-Agent': 'python-requests/2.32.3', 'Accept-Encoding': 'gzip, deflate', 'Accept': '*/*', 'Connection': 'keep-alive', 'Content-Length': '54', 'Content-Type': 'application/json'} 
 body=b'{"email": "tour_celtaeiq@qa.com", "password": "teste"}' 
 </msg>
<msg time="2026-03-19T10:44:29.892129" level="INFO">POST Response : url=https://serverest.dev/login 
 status=200, reason=OK 
 headers={'access-control-allow-origin': '*', 'x-dns-prefetch-control': 'off', 'x-frame-options': 'SAMEORIGIN', 'strict-transport-security': 'max-age=15552000; includeSubDomains', 'x-download-options': 'noopen', 'x-content-type-options': 'nosniff', 'x-xss-protection': '1; mode=block', 'content-type': 'application/json; charset=utf-8', 'x-cloud-trace-context': 'bcd904b33fdd57fe9c3a79165bb6b817', 'date': 'Thu, 19 Mar 2026 13:44:30 GMT', 'server': 'Google Frontend', 'Content-Length': '275'} 
 body={
    "message": "Login realizado com sucesso",
    "authorization": "Bearer eyJhbGciOiJIUzI1NiIsInR5cCI6IkpXVCJ9.eyJlbWFpbCI6InRvdXJfY2VsdGFlaXFAcWEuY29tIiwicGFzc3dvcmQiOiJ0ZXN0ZSIsImlhdCI6MTc3MzkyNzg3MCwiZXhwIjoxNzczOTI4NDcwfQ.2VhIMZkNLray09SD6VkNmpWZDHG0EYunKtAr8XZP9oc"
} 
 </msg>
<msg time="2026-03-19T10:44:29.892211" level="INFO">C:\Users\gusta\AppData\Local\Programs\Python\Python313\Lib\site-packages\urllib3\connectionpool.py:1097: InsecureRequestWarning: Unverified HTTPS request is being made to host 'serverest.dev'. Adding certificate verification is strongly advised. See: https://urllib3.readthedocs.io/en/latest/advanced-usage.html#tls-warnings
  warnings.warn(</msg>
<msg time="2026-03-19T10:44:29.892866" level="INFO">${resposta} = &lt;Response [200]&gt;</msg>
<var>${resposta}</var>
<arg>serverest</arg>
<arg>/login</arg>
<arg>json=${body}</arg>
<doc>Sends a POST request on a previously created HTTP Session.</doc>
<status status="PASS" start="2026-03-19T10:44:29.701638" elapsed="0.191282"/>
</kw>
<kw name="Status Should Be" owner="RequestsLibrary">
<arg>200</arg>
<arg>${resposta}</arg>
<doc>Fails if response status code is different than the expected.</doc>
<status status="PASS" start="2026-03-19T10:44:29.893364" elapsed="0.000283"/>
</kw>
<kw name="Set Variable" owner="BuiltIn">
<msg time="2026-03-19T10:44:29.894580" level="INFO">${token} = Bearer eyJhbGciOiJIUzI1NiIsInR5cCI6IkpXVCJ9.eyJlbWFpbCI6InRvdXJfY2VsdGFlaXFAcWEuY29tIiwicGFzc3dvcmQiOiJ0ZXN0ZSIsImlhdCI6MTc3MzkyNzg3MCwiZXhwIjoxNzczOTI4NDcwfQ.2VhIMZkNLray09SD6VkNmpWZDHG0EYunKtAr8XZP9...</msg>
<var>${token}</var>
<arg>${resposta.json()}[authorization]</arg>
<doc>Returns the given values which can then be assigned to a variables.</doc>
<status status="PASS" start="2026-03-19T10:44:29.893778" elapsed="0.000834"/>
</kw>
<kw name="Create Dictionary" owner="BuiltIn">
<msg time="2026-03-19T10:44:29.895091" level="INFO">${headers} = {'Authorization': 'Bearer eyJhbGciOiJIUzI1NiIsInR5cCI6IkpXVCJ9.eyJlbWFpbCI6InRvdXJfY2VsdGFlaXFAcWEuY29tIiwicGFzc3dvcmQiOiJ0ZXN0ZSIsImlhdCI6MTc3MzkyNzg3MCwiZXhwIjoxNzczOTI4NDcwfQ.2VhIMZkNLray09SD6VkNmp...</msg>
<var>${headers}</var>
<arg>Authorization=${token}</arg>
<doc>Creates and returns a dictionary based on the given ``items``.</doc>
<status status="PASS" start="2026-03-19T10:44:29.894744" elapsed="0.000375"/>
</kw>
<kw name="Set Suite Variable" owner="BuiltIn">
<msg time="2026-03-19T10:44:29.895562" level="INFO">${HEADERS_AUTH} = {'Authorization': 'Bearer eyJhbGciOiJIUzI1NiIsInR5cCI6IkpXVCJ9.eyJlbWFpbCI6InRvdXJfY2VsdGFlaXFAcWEuY29tIiwicGFzc3dvcmQiOiJ0ZXN0ZSIsImlhdCI6MTc3MzkyNzg3MCwiZXhwIjoxNzczOTI4NDcwfQ.2VhIMZkNLray09SD6VkNmp...</msg>
<arg>${HEADERS_AUTH}</arg>
<arg>${headers}</arg>
<doc>Makes a variable available everywhere within the scope of the current suite.</doc>
<status status="PASS" start="2026-03-19T10:44:29.895240" elapsed="0.000366"/>
</kw>
<status status="PASS" start="2026-03-19T10:44:29.700691" elapsed="0.194978"/>
</kw>
<tag>funcional</tag>
<tag>positivo</tag>
<status status="PASS" start="2026-03-19T10:44:29.700162" elapsed="0.195739"/>
</test>
<test id="s1-t3" name="CT03: Cadastrar Produto no Estoque" line="17">
<kw name="Cadastrar Produto no Estoque" owner="keywords">
<kw name="Create Dictionary" owner="BuiltIn">
<msg time="2026-03-19T10:44:29.897649" level="INFO">${body} = {'nome': 'Produto Automacao celtaeiq', 'preco': '100', 'descricao': 'Mouse Gamer', 'quantidade': '50'}</msg>
<var>${body}</var>
<arg>nome=${NOME_PRODUTO}</arg>
<arg>preco=100</arg>
<arg>descricao=Mouse Gamer</arg>
<arg>quantidade=50</arg>
<doc>Creates and returns a dictionary based on the given ``items``.</doc>
<status status="PASS" start="2026-03-19T10:44:29.897389" elapsed="0.000279"/>
</kw>
<kw name="POST On Session" owner="RequestsLibrary">
<msg time="2026-03-19T10:44:30.086710" level="INFO">POST Request : url=https://serverest.dev/produtos 
 path_url=/produtos 
 headers={'User-Agent': 'python-requests/2.32.3', 'Accept-Encoding': 'gzip, deflate', 'Accept': '*/*', 'Connection': 'keep-alive', 'Authorization': 'Bearer eyJhbGciOiJIUzI1NiIsInR5cCI6IkpXVCJ9.eyJlbWFpbCI6InRvdXJfY2VsdGFlaXFAcWEuY29tIiwicGFzc3dvcmQiOiJ0ZXN0ZSIsImlhdCI6MTc3MzkyNzg3MCwiZXhwIjoxNzczOTI4NDcwfQ.2VhIMZkNLray09SD6VkNmpWZDHG0EYunKtAr8XZP9oc', 'Content-Length': '102', 'Content-Type': 'application/json'} 
 body=b'{"nome": "Produto Automacao celtaeiq", "preco": "100", "descricao": "Mouse Gamer", "quantidade": "50"}' 
 </msg>
<msg time="2026-03-19T10:44:30.086793" level="INFO">POST Response : url=https://serverest.dev/produtos 
 status=201, reason=Created 
 headers={'access-control-allow-origin': '*', 'x-dns-prefetch-control': 'off', 'x-frame-options': 'SAMEORIGIN', 'strict-transport-security': 'max-age=15552000; includeSubDomains', 'x-download-options': 'noopen', 'x-content-type-options': 'nosniff', 'x-xss-protection': '1; mode=block', 'content-type': 'application/json; charset=utf-8', 'x-cloud-trace-context': '509db7349fb76a179c3a79165bb6ba4c', 'date': 'Thu, 19 Mar 2026 13:44:30 GMT', 'server': 'Google Frontend', 'Content-Length': '82'} 
 body={
    "message": "Cadastro realizado com sucesso",
    "_id": "r5l9KUpWQ9S5f07B"
} 
 </msg>
<msg time="2026-03-19T10:44:30.086847" level="INFO">C:\Users\gusta\AppData\Local\Programs\Python\Python313\Lib\site-packages\urllib3\connectionpool.py:1097: InsecureRequestWarning: Unverified HTTPS request is being made to host 'serverest.dev'. Adding certificate verification is strongly advised. See: https://urllib3.readthedocs.io/en/latest/advanced-usage.html#tls-warnings
  warnings.warn(</msg>
<msg time="2026-03-19T10:44:30.087246" level="INFO">${resposta} = &lt;Response [201]&gt;</msg>
<var>${resposta}</var>
<arg>serverest</arg>
<arg>/produtos</arg>
<arg>json=${body}</arg>
<arg>headers=${HEADERS_AUTH}</arg>
<doc>Sends a POST request on a previously created HTTP Session.</doc>
<status status="PASS" start="2026-03-19T10:44:29.897742" elapsed="0.189553"/>
</kw>
<kw name="Status Should Be" owner="RequestsLibrary">
<arg>201</arg>
<arg>${resposta}</arg>
<doc>Fails if response status code is different than the expected.</doc>
<status status="PASS" start="2026-03-19T10:44:30.087439" elapsed="0.000197"/>
</kw>
<kw name="Set Suite Variable" owner="BuiltIn">
<msg time="2026-03-19T10:44:30.088314" level="INFO">${ID_PRODUTO} = r5l9KUpWQ9S5f07B</msg>
<arg>${ID_PRODUTO}</arg>
<arg>${resposta.json()}[_id]</arg>
<doc>Makes a variable available everywhere within the scope of the current suite.</doc>
<status status="PASS" start="2026-03-19T10:44:30.087746" elapsed="0.000608"/>
</kw>
<status status="PASS" start="2026-03-19T10:44:29.897147" elapsed="0.191261"/>
</kw>
<tag>funcional</tag>
<tag>positivo</tag>
<status status="PASS" start="2026-03-19T10:44:29.896215" elapsed="0.192638"/>
</test>
<test id="s1-t4" name="CT04: Fluxo de Carrinho (Adicionar e Concluir)" line="21">
<kw name="Adicionar ao Carrinho e Concluir Compra" owner="keywords">
<kw name="Create Dictionary" owner="BuiltIn">
<msg time="2026-03-19T10:44:30.090103" level="INFO">${produto_json} = {'idProduto': 'r5l9KUpWQ9S5f07B', 'quantidade': '1'}</msg>
<var>${produto_json}</var>
<arg>idProduto=${ID_PRODUTO}</arg>
<arg>quantidade=1</arg>
<doc>Creates and returns a dictionary based on the given ``items``.</doc>
<status status="PASS" start="2026-03-19T10:44:30.089803" elapsed="0.000323"/>
</kw>
<kw name="Create List" owner="BuiltIn">
<msg time="2026-03-19T10:44:30.090402" level="INFO">${lista_produtos} = [{'idProduto': 'r5l9KUpWQ9S5f07B', 'quantidade': '1'}]</msg>
<var>${lista_produtos}</var>
<arg>${produto_json}</arg>
<doc>Returns a list containing given items.</doc>
<status status="PASS" start="2026-03-19T10:44:30.090210" elapsed="0.000211"/>
</kw>
<kw name="Create Dictionary" owner="BuiltIn">
<msg time="2026-03-19T10:44:30.090711" level="INFO">${body_carrinho} = {'produtos': [{'idProduto': 'r5l9KUpWQ9S5f07B', 'quantidade': '1'}]}</msg>
<var>${body_carrinho}</var>
<arg>produtos=${lista_produtos}</arg>
<doc>Creates and returns a dictionary based on the given ``items``.</doc>
<status status="PASS" start="2026-03-19T10:44:30.090498" elapsed="0.000230"/>
</kw>
<kw name="POST On Session" owner="RequestsLibrary">
<msg time="2026-03-19T10:44:30.278521" level="INFO">POST Request : url=https://serverest.dev/carrinhos 
 path_url=/carrinhos 
 headers={'User-Agent': 'python-requests/2.32.3', 'Accept-Encoding': 'gzip, deflate', 'Accept': '*/*', 'Connection': 'keep-alive', 'Authorization': 'Bearer eyJhbGciOiJIUzI1NiIsInR5cCI6IkpXVCJ9.eyJlbWFpbCI6InRvdXJfY2VsdGFlaXFAcWEuY29tIiwicGFzc3dvcmQiOiJ0ZXN0ZSIsImlhdCI6MTc3MzkyNzg3MCwiZXhwIjoxNzczOTI4NDcwfQ.2VhIMZkNLray09SD6VkNmpWZDHG0EYunKtAr8XZP9oc', 'Content-Length': '68', 'Content-Type': 'application/json'} 
 body=b'{"produtos": [{"idProduto": "r5l9KUpWQ9S5f07B", "quantidade": "1"}]}' 
 </msg>
<msg time="2026-03-19T10:44:30.278697" level="INFO">POST Response : url=https://serverest.dev/carrinhos 
 status=201, reason=Created 
 headers={'access-control-allow-origin': '*', 'x-dns-prefetch-control': 'off', 'x-frame-options': 'SAMEORIGIN', 'strict-transport-security': 'max-age=15552000; includeSubDomains', 'x-download-options': 'noopen', 'x-content-type-options': 'nosniff', 'x-xss-protection': '1; mode=block', 'content-type': 'application/json; charset=utf-8', 'x-cloud-trace-context': 'a5eddbf5b7ea85a79c3a79165bb6b05a', 'date': 'Thu, 19 Mar 2026 13:44:30 GMT', 'server': 'Google Frontend', 'Content-Length': '82'} 
 body={
    "message": "Cadastro realizado com sucesso",
    "_id": "GEcna0enGJgpvAqw"
} 
 </msg>
<msg time="2026-03-19T10:44:30.279112" level="INFO">C:\Users\gusta\AppData\Local\Programs\Python\Python313\Lib\site-packages\urllib3\connectionpool.py:1097: InsecureRequestWarning: Unverified HTTPS request is being made to host 'serverest.dev'. Adding certificate verification is strongly advised. See: https://urllib3.readthedocs.io/en/latest/advanced-usage.html#tls-warnings
  warnings.warn(</msg>
<msg time="2026-03-19T10:44:30.280789" level="INFO">${resp_carrinho} = &lt;Response [201]&gt;</msg>
<var>${resp_carrinho}</var>
<arg>serverest</arg>
<arg>/carrinhos</arg>
<arg>json=${body_carrinho}</arg>
<arg>headers=${HEADERS_AUTH}</arg>
<doc>Sends a POST request on a previously created HTTP Session.</doc>
<status status="PASS" start="2026-03-19T10:44:30.090799" elapsed="0.190062"/>
</kw>
<kw name="Status Should Be" owner="RequestsLibrary">
<arg>201</arg>
<arg>${resp_carrinho}</arg>
<doc>Fails if response status code is different than the expected.</doc>
<status status="PASS" start="2026-03-19T10:44:30.281132" elapsed="0.000351"/>
</kw>
<kw name="DELETE On Session" owner="RequestsLibrary">
<msg time="2026-03-19T10:44:30.470571" level="INFO">DELETE Request : url=https://serverest.dev/carrinhos/concluir-compra 
 path_url=/carrinhos/concluir-compra 
 headers={'User-Agent': 'python-requests/2.32.3', 'Accept-Encoding': 'gzip, deflate', 'Accept': '*/*', 'Connection': 'keep-alive', 'Authorization': 'Bearer eyJhbGciOiJIUzI1NiIsInR5cCI6IkpXVCJ9.eyJlbWFpbCI6InRvdXJfY2VsdGFlaXFAcWEuY29tIiwicGFzc3dvcmQiOiJ0ZXN0ZSIsImlhdCI6MTc3MzkyNzg3MCwiZXhwIjoxNzczOTI4NDcwfQ.2VhIMZkNLray09SD6VkNmpWZDHG0EYunKtAr8XZP9oc', 'Content-Length': '0'} 
 body=None 
 </msg>
<msg time="2026-03-19T10:44:30.470714" level="INFO">DELETE Response : url=https://serverest.dev/carrinhos/concluir-compra 
 status=200, reason=OK 
 headers={'access-control-allow-origin': '*', 'x-dns-prefetch-control': 'off', 'x-frame-options': 'SAMEORIGIN', 'strict-transport-security': 'max-age=15552000; includeSubDomains', 'x-download-options': 'noopen', 'x-content-type-options': 'nosniff', 'x-xss-protection': '1; mode=block', 'content-type': 'application/json; charset=utf-8', 'x-cloud-trace-context': 'd2979f3bf9b500909c3a79165bb6befc', 'date': 'Thu, 19 Mar 2026 13:44:30 GMT', 'server': 'Google Frontend', 'Content-Length': '51'} 
 body={
    "message": "Registro excluído com sucesso"
} 
 </msg>
<msg time="2026-03-19T10:44:30.470808" level="INFO">C:\Users\gusta\AppData\Local\Programs\Python\Python313\Lib\site-packages\urllib3\connectionpool.py:1097: InsecureRequestWarning: Unverified HTTPS request is being made to host 'serverest.dev'. Adding certificate verification is strongly advised. See: https://urllib3.readthedocs.io/en/latest/advanced-usage.html#tls-warnings
  warnings.warn(</msg>
<msg time="2026-03-19T10:44:30.471452" level="INFO">${resp_concluir} = &lt;Response [200]&gt;</msg>
<var>${resp_concluir}</var>
<arg>serverest</arg>
<arg>/carrinhos/concluir-compra</arg>
<arg>headers=${HEADERS_AUTH}</arg>
<doc>Sends a DELETE request on a previously created HTTP Session.</doc>
<status status="PASS" start="2026-03-19T10:44:30.281686" elapsed="0.189828"/>
</kw>
<kw name="Status Should Be" owner="RequestsLibrary">
<arg>200</arg>
<arg>${resp_concluir}</arg>
<doc>Fails if response status code is different than the expected.</doc>
<status status="PASS" start="2026-03-19T10:44:30.471743" elapsed="0.000286"/>
</kw>
<kw name="Dictionary Should Contain Item" owner="Collections">
<arg>${resp_concluir.json()}</arg>
<arg>message</arg>
<arg>Registro excluído com sucesso</arg>
<doc>An item of ``key`` / ``value`` must be found in a ``dictionary``.</doc>
<status status="PASS" start="2026-03-19T10:44:30.472186" elapsed="0.000782"/>
</kw>
<status status="PASS" start="2026-03-19T10:44:30.089612" elapsed="0.383462"/>
</kw>
<tag>funcional</tag>
<tag>positivo</tag>
<status status="PASS" start="2026-03-19T10:44:30.089277" elapsed="0.384370"/>
</test>
<test id="s1-t5" name="CT05: Login com Senha Invalida" line="25">
<kw name="Tentativa de Login com Senha Invalida" owner="keywords">
<kw name="Create Dictionary" owner="BuiltIn">
<msg time="2026-03-19T10:44:30.476802" level="INFO">${body} = {'email': 'tour_celtaeiq@qa.com', 'password': 'senha_errada_123'}</msg>
<var>${body}</var>
<arg>email=${EMAIL_TESTE}</arg>
<arg>password=senha_errada_123</arg>
<doc>Creates and returns a dictionary based on the given ``items``.</doc>
<status status="PASS" start="2026-03-19T10:44:30.476268" elapsed="0.000575"/>
</kw>
<kw name="POST On Session" owner="RequestsLibrary">
<msg time="2026-03-19T10:44:30.661009" level="INFO">POST Request : url=https://serverest.dev/login 
 path_url=/login 
 headers={'User-Agent': 'python-requests/2.32.3', 'Accept-Encoding': 'gzip, deflate', 'Accept': '*/*', 'Connection': 'keep-alive', 'Content-Length': '65', 'Content-Type': 'application/json'} 
 body=b'{"email": "tour_celtaeiq@qa.com", "password": "senha_errada_123"}' 
 </msg>
<msg time="2026-03-19T10:44:30.661158" level="INFO">POST Response : url=https://serverest.dev/login 
 status=401, reason=Unauthorized 
 headers={'access-control-allow-origin': '*', 'x-dns-prefetch-control': 'off', 'x-frame-options': 'SAMEORIGIN', 'strict-transport-security': 'max-age=15552000; includeSubDomains', 'x-download-options': 'noopen', 'x-content-type-options': 'nosniff', 'x-xss-protection': '1; mode=block', 'content-type': 'application/json; charset=utf-8', 'x-cloud-trace-context': '7421d74fefa3be0d9c3a79165bb6b40d', 'date': 'Thu, 19 Mar 2026 13:44:31 GMT', 'server': 'Google Frontend', 'Content-Length': '48'} 
 body={
    "message": "Email e/ou senha inválidos"
} 
 </msg>
<msg time="2026-03-19T10:44:30.661270" level="INFO">C:\Users\gusta\AppData\Local\Programs\Python\Python313\Lib\site-packages\urllib3\connectionpool.py:1097: InsecureRequestWarning: Unverified HTTPS request is being made to host 'serverest.dev'. Adding certificate verification is strongly advised. See: https://urllib3.readthedocs.io/en/latest/advanced-usage.html#tls-warnings
  warnings.warn(</msg>
<msg time="2026-03-19T10:44:30.661865" level="INFO">${resposta} = &lt;Response [401]&gt;</msg>
<var>${resposta}</var>
<arg>serverest</arg>
<arg>/login</arg>
<arg>json=${body}</arg>
<arg>expected_status=401</arg>
<doc>Sends a POST request on a previously created HTTP Session.</doc>
<status status="PASS" start="2026-03-19T10:44:30.476991" elapsed="0.184938"/>
</kw>
<kw name="Dictionary Should Contain Item" owner="Collections">
<arg>${resposta.json()}</arg>
<arg>message</arg>
<arg>Email e/ou senha inválidos</arg>
<doc>An item of ``key`` / ``value`` must be found in a ``dictionary``.</doc>
<status status="PASS" start="2026-03-19T10:44:30.662225" elapsed="0.000791"/>
</kw>
<status status="PASS" start="2026-03-19T10:44:30.475933" elapsed="0.187188"/>
</kw>
<tag>negativo</tag>
<tag>seguranca</tag>
<status status="PASS" start="2026-03-19T10:44:30.475152" elapsed="0.188612"/>
</test>
<test id="s1-t6" name="CT06: Cadastrar Produto com Preco Negativo" line="29">
<kw name="Cadastrar Produto com Preco Negativo" owner="keywords">
<kw name="Create Dictionary" owner="BuiltIn">
<msg time="2026-03-19T10:44:30.666437" level="INFO">${headers} = {'Authorization': {'Authorization': 'Bearer eyJhbGciOiJIUzI1NiIsInR5cCI6IkpXVCJ9.eyJlbWFpbCI6InRvdXJfY2VsdGFlaXFAcWEuY29tIiwicGFzc3dvcmQiOiJ0ZXN0ZSIsImlhdCI6MTc3MzkyNzg3MCwiZXhwIjoxNzczOTI4NDcwfQ.2VhI...</msg>
<var>${headers}</var>
<arg>Authorization=${HEADERS_AUTH}</arg>
<doc>Creates and returns a dictionary based on the given ``items``.</doc>
<status status="PASS" start="2026-03-19T10:44:30.665892" elapsed="0.000616"/>
</kw>
<kw name="Create Dictionary" owner="BuiltIn">
<msg time="2026-03-19T10:44:30.667100" level="INFO">${body} = {'nome': 'Produto Negativo', 'preco': '-50', 'descricao': 'Teste Negativo', 'quantidade': '10'}</msg>
<var>${body}</var>
<arg>nome=Produto Negativo</arg>
<arg>preco=-50</arg>
<arg>descricao=Teste Negativo</arg>
<arg>quantidade=10</arg>
<doc>Creates and returns a dictionary based on the given ``items``.</doc>
<status status="PASS" start="2026-03-19T10:44:30.666676" elapsed="0.000461"/>
</kw>
<kw name="POST On Session" owner="RequestsLibrary">
<msg time="2026-03-19T10:44:30.851877" level="INFO">POST Request : url=https://serverest.dev/produtos 
 path_url=/produtos 
 headers={'User-Agent': 'python-requests/2.32.3', 'Accept-Encoding': 'gzip, deflate', 'Accept': '*/*', 'Connection': 'keep-alive', 'Authorization': 'Bearer eyJhbGciOiJIUzI1NiIsInR5cCI6IkpXVCJ9.eyJlbWFpbCI6InRvdXJfY2VsdGFlaXFAcWEuY29tIiwicGFzc3dvcmQiOiJ0ZXN0ZSIsImlhdCI6MTc3MzkyNzg3MCwiZXhwIjoxNzczOTI4NDcwfQ.2VhIMZkNLray09SD6VkNmpWZDHG0EYunKtAr8XZP9oc', 'Content-Length': '95', 'Content-Type': 'application/json'} 
 body=b'{"nome": "Produto Negativo", "preco": "-50", "descricao": "Teste Negativo", "quantidade": "10"}' 
 </msg>
<msg time="2026-03-19T10:44:30.852019" level="INFO">POST Response : url=https://serverest.dev/produtos 
 status=400, reason=Bad Request 
 headers={'access-control-allow-origin': '*', 'x-dns-prefetch-control': 'off', 'x-frame-options': 'SAMEORIGIN', 'strict-transport-security': 'max-age=15552000; includeSubDomains', 'x-download-options': 'noopen', 'x-content-type-options': 'nosniff', 'x-xss-protection': '1; mode=block', 'content-type': 'application/json; charset=utf-8', 'x-cloud-trace-context': 'e449e6826c7e00759c3a79165bb6b463', 'date': 'Thu, 19 Mar 2026 13:44:31 GMT', 'server': 'Google Frontend', 'Content-Length': '53'} 
 body={
    "preco": "preco deve ser um número positivo"
} 
 </msg>
<msg time="2026-03-19T10:44:30.852116" level="INFO">C:\Users\gusta\AppData\Local\Programs\Python\Python313\Lib\site-packages\urllib3\connectionpool.py:1097: InsecureRequestWarning: Unverified HTTPS request is being made to host 'serverest.dev'. Adding certificate verification is strongly advised. See: https://urllib3.readthedocs.io/en/latest/advanced-usage.html#tls-warnings
  warnings.warn(</msg>
<msg time="2026-03-19T10:44:30.852702" level="INFO">${resposta} = &lt;Response [400]&gt;</msg>
<var>${resposta}</var>
<arg>serverest</arg>
<arg>/produtos</arg>
<arg>json=${body}</arg>
<arg>headers=${HEADERS_AUTH}</arg>
<arg>expected_status=400</arg>
<doc>Sends a POST request on a previously created HTTP Session.</doc>
<status status="PASS" start="2026-03-19T10:44:30.667476" elapsed="0.185286"/>
</kw>
<kw name="Dictionary Should Contain Item" owner="Collections">
<arg>${resposta.json()}</arg>
<arg>preco</arg>
<arg>preco deve ser um número positivo</arg>
<doc>An item of ``key`` / ``value`` must be found in a ``dictionary``.</doc>
<status status="PASS" start="2026-03-19T10:44:30.852982" elapsed="0.000798"/>
</kw>
<status status="PASS" start="2026-03-19T10:44:30.665514" elapsed="0.188372"/>
</kw>
<tag>negativo</tag>
<tag>regra_negocio</tag>
<status status="PASS" start="2026-03-19T10:44:30.664754" elapsed="0.189576"/>
</test>
<test id="s1-t7" name="CT07: Validar Contrato de Lista de Usuários" line="33">
<kw name="Validar Contrato Basico de Usuarios" owner="keywords">
<kw name="GET On Session" owner="RequestsLibrary">
<msg time="2026-03-19T10:44:31.038539" level="INFO">GET Request : url=https://serverest.dev/usuarios 
 path_url=/usuarios 
 headers={'User-Agent': 'python-requests/2.32.3', 'Accept-Encoding': 'gzip, deflate', 'Accept': '*/*', 'Connection': 'keep-alive'} 
 body=None 
 </msg>
<msg time="2026-03-19T10:44:31.038729" level="INFO">GET Response : url=https://serverest.dev/usuarios 
 status=200, reason=OK 
 headers={'access-control-allow-origin': '*', 'x-dns-prefetch-control': 'off', 'x-frame-options': 'SAMEORIGIN', 'strict-transport-security': 'max-age=15552000; includeSubDomains', 'x-download-options': 'noopen', 'x-content-type-options': 'nosniff', 'x-xss-protection': '1; mode=block', 'content-type': 'application/json; charset=utf-8', 'x-cloud-trace-context': '4c1f163624e8f3d99c3a79165bb6b892', 'date': 'Thu, 19 Mar 2026 13:44:31 GMT', 'server': 'Google Frontend', 'Content-Length': '1895'} 
 body={
    "quantidade": 8,
    "usuarios": [
        {
            "nome": "Srta. Maria Fernanda Arantes",
            "email": "faker_136099143037500_3694@qa.com",
            "password": "lopgpykt7",
            "administrador": "true",
            "_id": "TuR4fo5AHTH8lS8C"
        },
        {
            "nome": "Admin QA",
            "email": "admin_1773927858662_0.27401953487953257@qa.com",
            "password": "123456",
            "administrador": "true",
            "_id": "WrK47Bln5s0lJU4V"
        },
        {
            "nome": "Márcio Domingues",
            "email": "faker_136100190836100_3455@qa.com",
            "password": "t0zstw380uk6",
            "administrador": "true",
            "_id": "Yte3zcTqpxVTdZTq"
        },
        {
            "nome": "QA Tester",
            "email": "tour_celtaeiq@qa.com",
            "password": "teste",
            "administrador": "true",
            "_id": "nrrT5vYTWXr5xhZY"
        },
        {
            "nome": "Víctor Ambrósio",
            "email": "faker_136097368196400_9548@qa.com",
            "password": "dq86z22ynv",
            "administrador": "true",
            "_id": "steZWg259oKLaeyF"
        },
        {
            "nome": "Sr. Liz Beltrão",
            "email": "faker_136099255821600_6222@qa.com",
            "password": "fc7irm5x",
            "administrador": "true",
            "_id": "tOAsrj6DX5WRyWZN"
        },
        {
            "nome": "Alessandro Simão",
            "email": "faker_136101101215700_5767@qa.com",
            "password": "t6mo8ei4j",
            "administrador": "true",
            "_id": "uL6mY9VbOYl6eToh"
        },
        {
            "nome": "Márcio Cardoso",
            "email": "faker_136102674695500_6024@qa.com",
            "password": "p9pen82hfdf5nf",
            "administrador": "true",
            "_id": "xotx7E110F2dshjZ"
        }
    ]
} 
 </msg>
<msg time="2026-03-19T10:44:31.038895" level="INFO">C:\Users\gusta\AppData\Local\Programs\Python\Python313\Lib\site-packages\urllib3\connectionpool.py:1097: InsecureRequestWarning: Unverified HTTPS request is being made to host 'serverest.dev'. Adding certificate verification is strongly advised. See: https://urllib3.readthedocs.io/en/latest/advanced-usage.html#tls-warnings
  warnings.warn(</msg>
<msg time="2026-03-19T10:44:31.040413" level="INFO">${resposta} = &lt;Response [200]&gt;</msg>
<var>${resposta}</var>
<arg>serverest</arg>
<arg>/usuarios</arg>
<doc>Sends a GET request on a previously created HTTP Session.</doc>
<status status="PASS" start="2026-03-19T10:44:30.856361" elapsed="0.184124"/>
</kw>
<kw name="Status Should Be" owner="RequestsLibrary">
<arg>200</arg>
<arg>${resposta}</arg>
<doc>Fails if response status code is different than the expected.</doc>
<status status="PASS" start="2026-03-19T10:44:31.040728" elapsed="0.000380"/>
</kw>
<kw name="Dictionary Should Contain Key" owner="Collections">
<arg>${resposta.json()}</arg>
<arg>quantidade</arg>
<doc>Fails if ``key`` is not found from ``dictionary``.</doc>
<status status="PASS" start="2026-03-19T10:44:31.041303" elapsed="0.000851"/>
</kw>
<kw name="Dictionary Should Contain Key" owner="Collections">
<arg>${resposta.json()}</arg>
<arg>usuarios</arg>
<doc>Fails if ``key`` is not found from ``dictionary``.</doc>
<status status="PASS" start="2026-03-19T10:44:31.042327" elapsed="0.000686"/>
</kw>
<kw name="Set Variable" owner="BuiltIn">
<msg time="2026-03-19T10:44:31.044086" level="INFO">${primeiro_usuario} = {'nome': 'Srta. Maria Fernanda Arantes', 'email': 'faker_136099143037500_3694@qa.com', 'password': 'lopgpykt7', 'administrador': 'true', '_id': 'TuR4fo5AHTH8lS8C'}</msg>
<var>${primeiro_usuario}</var>
<arg>${resposta.json()}[usuarios][0]</arg>
<doc>Returns the given values which can then be assigned to a variables.</doc>
<status status="PASS" start="2026-03-19T10:44:31.043174" elapsed="0.000956"/>
</kw>
<kw name="Create List" owner="BuiltIn">
<msg time="2026-03-19T10:44:31.044685" level="INFO">@{chaves_esperadas} = [ nome | email | password | administrador | _id ]</msg>
<var>@{chaves_esperadas}</var>
<arg>nome</arg>
<arg>email</arg>
<arg>password</arg>
<arg>administrador</arg>
<arg>_id</arg>
<doc>Returns a list containing given items.</doc>
<status status="PASS" start="2026-03-19T10:44:31.044296" elapsed="0.000426"/>
</kw>
<for flavor="IN">
<iter>
<kw name="Dictionary Should Contain Key" owner="Collections">
<arg>${primeiro_usuario}</arg>
<arg>${chave}</arg>
<doc>Fails if ``key`` is not found from ``dictionary``.</doc>
<status status="PASS" start="2026-03-19T10:44:31.045608" elapsed="0.000265"/>
</kw>
<var name="${chave}">nome</var>
<status status="PASS" start="2026-03-19T10:44:31.045476" elapsed="0.000460"/>
</iter>
<iter>
<kw name="Dictionary Should Contain Key" owner="Collections">
<arg>${primeiro_usuario}</arg>
<arg>${chave}</arg>
<doc>Fails if ``key`` is not found from ``dictionary``.</doc>
<status status="PASS" start="2026-03-19T10:44:31.046180" elapsed="0.000209"/>
</kw>
<var name="${chave}">email</var>
<status status="PASS" start="2026-03-19T10:44:31.046069" elapsed="0.000374"/>
</iter>
<iter>
<kw name="Dictionary Should Contain Key" owner="Collections">
<arg>${primeiro_usuario}</arg>
<arg>${chave}</arg>
<doc>Fails if ``key`` is not found from ``dictionary``.</doc>
<status status="PASS" start="2026-03-19T10:44:31.046626" elapsed="0.000213"/>
</kw>
<var name="${chave}">password</var>
<status status="PASS" start="2026-03-19T10:44:31.046541" elapsed="0.000345"/>
</iter>
<iter>
<kw name="Dictionary Should Contain Key" owner="Collections">
<arg>${primeiro_usuario}</arg>
<arg>${chave}</arg>
<doc>Fails if ``key`` is not found from ``dictionary``.</doc>
<status status="PASS" start="2026-03-19T10:44:31.047055" elapsed="0.000173"/>
</kw>
<var name="${chave}">administrador</var>
<status status="PASS" start="2026-03-19T10:44:31.046975" elapsed="0.000298"/>
</iter>
<iter>
<kw name="Dictionary Should Contain Key" owner="Collections">
<arg>${primeiro_usuario}</arg>
<arg>${chave}</arg>
<doc>Fails if ``key`` is not found from ``dictionary``.</doc>
<status status="PASS" start="2026-03-19T10:44:31.047436" elapsed="0.000171"/>
</kw>
<var name="${chave}">_id</var>
<status status="PASS" start="2026-03-19T10:44:31.047357" elapsed="0.000292"/>
</iter>
<var>${chave}</var>
<value>@{chaves_esperadas}</value>
<status status="PASS" start="2026-03-19T10:44:31.045191" elapsed="0.002492"/>
</for>
<status status="PASS" start="2026-03-19T10:44:30.856020" elapsed="0.191744"/>
</kw>
<tag>contrato</tag>
<status status="PASS" start="2026-03-19T10:44:30.855295" elapsed="0.192876"/>
</test>
<doc>Suite de testes da API ServeRest baseada no roteiro Tour do Supermercado.
Autor: Gustavo Santos Queiroz</doc>
<status status="PASS" start="2026-03-19T10:44:28.788452" elapsed="2.260950"/>
</suite>
<statistics>
<total>
<stat pass="7" fail="0" skip="0">All Tests</stat>
</total>
<tag>
<stat pass="1" fail="0" skip="0">contrato</stat>
<stat pass="4" fail="0" skip="0">funcional</stat>
<stat pass="2" fail="0" skip="0">negativo</stat>
<stat pass="4" fail="0" skip="0">positivo</stat>
<stat pass="1" fail="0" skip="0">regra_negocio</stat>
<stat pass="1" fail="0" skip="0">seguranca</stat>
</tag>
<suite>
<stat name="Serverest Tests" id="s1" pass="7" fail="0" skip="0">Serverest Tests</stat>
</suite>
</statistics>
<errors>
</errors>
</robot>
